<?xml version="1.0" encoding="UTF-8"?>
<testsuite name="ServiceTest" tests="1" skipped="0" failures="0" errors="0" timestamp="2019-11-20T07:48:40" hostname="DESKTOP-TOOTN13" time="0.02">
  <properties/>
  <testcase name="filtrareStudentiGrupa()" classname="ServiceTest" time="0.02"/>
  <system-out><![CDATA[]]></system-out>
  <system-err><![CDATA[]]></system-err>
</testsuite>
